[    0.000000] Initializing cgroup subsys cpuset
[    0.000000] Initializing cgroup subsys cpu
[    0.000000] Initializing cgroup subsys cpuacct
[    0.000000] Linux version 4.4.0-157-generic (buildd@lgw01-amd64-037) (gcc version 5.4.0 20160609 (Ubuntu 5.4.0-6ubuntu1~16.04.10) ) #185-Ubuntu SMP Tue Jul 23 09:17:01 UTC 2019 (Ubuntu 4.4.0-157.185-geneic 4.4.181)
[    0.000000] Command line: BOOT_IMAGE=/boot/vmlinuz-4.4.0-157-generic root=LABEL=cloudimg-rootfs ro console=tty1 console=ttyS0
[    0.000000] KERNEL supported cpus:
[    0.000000]   Intel GenuineIntel
[    0.000000]   AMD AuthenticAMD
[    0.000000]   Centaur CentaurHauls
[    0.000000] x86/fpu: xstate_offset[2]:  576, xstate_sizes[2]:  256
[    0.000000] x86/fpu: Supporting XSAVE feature 0x01: 'x87 floating point registers'
[    0.000000] x86/fpu: Supporting XSAVE feature 0x02: 'SSE registers'
[    0.000000] x86/fpu: Supporting XSAVE feature 0x04: 'AVX registers'
[    0.000000] x86/fpu: Enabled xstate features 0x7, context size is 832 bytes, using 'standard' format.
[    0.000000] e820: BIOS-provided physical RAM map:
[    0.000000] BIOS-e820: [mem 0x0000000000000000-0x000000000009fbff] usable
[    0.000000] BIOS-e820: [mem 0x000000000009fc00-0x000000000009ffff] reserved
[    0.000000] BIOS-e820: [mem 0x00000000000f0000-0x00000000000fffff] reserved
[    0.000000] BIOS-e820: [mem 0x0000000000100000-0x000000003ffeffff] usable
[    0.000000] BIOS-e820: [mem 0x000000003fff0000-0x000000003fffffff] ACPI data
[    0.000000] BIOS-e820: [mem 0x00000000fec00000-0x00000000fec00fff] reserved
[    0.000000] BIOS-e820: [mem 0x00000000fee00000-0x00000000fee00fff] reserved
[    0.000000] BIOS-e820: [mem 0x00000000fffc0000-0x00000000ffffffff] reserved
[    0.000000] NX (Execute Disable) protection: active
[    0.000000] SMBIOS 2.5 present.
[    0.000000] Hypervisor detected: KVM
[    0.000000] e820: last_pfn = 0x3fff0 max_arch_pfn = 0x400000000
[    0.000000] MTRR: Disabled
[    0.000000] x86/PAT: MTRRs disabled, skipping PAT initialization too.
[    0.000000] CPU MTRRs all blank - virtualized system.
[    0.000000] x86/PAT: Configuration [0-7]: WB  WT  UC- UC  WB  WT  UC- UC  
[    0.000000] found SMP MP-table at [mem 0x0009fff0-0x0009ffff] mapped at [ffff88000009fff0]
[    0.000000] Scanning 1 areas for low memory corruption
[    0.000000] RAMDISK: [mem 0x362fc000-0x37175fff]
[    0.000000] ACPI: Early table checksum verification disabled
[    0.000000] ACPI: RSDP 0x00000000000E0000 000024 (v02 VBOX  )
[    0.000000] ACPI: XSDT 0x000000003FFF0030 00003C (v01 VBOX   VBOXXSDT 00000001 ASL  00000061)
[    0.000000] ACPI: FACP 0x000000003FFF00F0 0000F4 (v04 VBOX   VBOXFACP 00000001 ASL  00000061)
[    0.000000] ACPI: DSDT 0x000000003FFF0470 0021FF (v02 VBOX   VBOXBIOS 00000002 INTL 20160108)
[    0.000000] ACPI: FACS 0x000000003FFF0200 000040
[    0.000000] ACPI: FACS 0x000000003FFF0200 000040
[    0.000000] ACPI: APIC 0x000000003FFF0240 00005C (v02 VBOX   VBOXAPIC 00000001 ASL  00000061)
[    0.000000] ACPI: SSDT 0x000000003FFF02A0 0001CC (v01 VBOX   VBOXCPUT 00000002 INTL 20160108)
[    0.000000] No NUMA configuration found
[    0.000000] Faking a node at [mem 0x0000000000000000-0x000000003ffeffff]
[    0.000000] NODE_DATA(0) allocated [mem 0x3ffeb000-0x3ffeffff]
[    0.000000] kvm-clock: Using msrs 4b564d01 and 4b564d00
[    0.000000] kvm-clock: cpu 0, msr 0:3ffe3001, primary cpu clock
[    0.000000] kvm-clock: using sched offset of 8644130977 cycles
[    0.000000] clocksource: kvm-clock: mask: 0xffffffffffffffff max_cycles: 0x1cd42e4dffb, max_idle_ns: 881590591483 ns
[    0.000000] Zone ranges:
[    0.000000]   DMA      [mem 0x0000000000001000-0x0000000000ffffff]
[    0.000000]   DMA32    [mem 0x0000000001000000-0x000000003ffeffff]
[    0.000000]   Normal   empty
[    0.000000]   Device   empty
[    0.000000] Movable zone start for each node
[    0.000000] Early memory node ranges
[    0.000000]   node   0: [mem 0x0000000000001000-0x000000000009efff]
[    0.000000]   node   0: [mem 0x0000000000100000-0x000000003ffeffff]
[    0.000000] Initmem setup node 0 [mem 0x0000000000001000-0x000000003ffeffff]
[    0.000000] ACPI: PM-Timer IO Port: 0x4008
[    0.000000] IOAPIC[0]: apic_id 2, version 32, address 0xfec00000, GSI 0-23
[    0.000000] ACPI: INT_SRC_OVR (bus 0 bus_irq 0 global_irq 2 dfl dfl)
[    0.000000] ACPI: INT_SRC_OVR (bus 0 bus_irq 9 global_irq 9 low level)
[    0.000000] Using ACPI (MADT) for SMP configuration information
[    0.000000] smpboot: Allowing 2 CPUs, 0 hotplug CPUs
[    0.000000] PM: Registered nosave memory: [mem 0x00000000-0x00000fff]
[    0.000000] PM: Registered nosave memory: [mem 0x0009f000-0x0009ffff]
[    0.000000] PM: Registered nosave memory: [mem 0x000a0000-0x000effff]
[    0.000000] PM: Registered nosave memory: [mem 0x000f0000-0x000fffff]
[    0.000000] e820: [mem 0x40000000-0xfebfffff] available for PCI devices
[    0.000000] Booting paravirtualized kernel on KVM
[    0.000000] clocksource: refined-jiffies: mask: 0xffffffff max_cycles: 0xffffffff, max_idle_ns: 7645519600211568 ns
[    0.000000] setup_percpu: NR_CPUS:512 nr_cpumask_bits:512 nr_cpu_ids:2 nr_node_ids:1
[    0.000000] PERCPU: Embedded 34 pages/cpu @ffff88003fc00000 s99544 r8192 d31528 u1048576
[    0.000000] Built 1 zonelists in Node order, mobility grouping on.  Total pages: 257912
[    0.000000] Policy zone: DMA32
[    0.000000] Kernel command line: BOOT_IMAGE=/boot/vmlinuz-4.4.0-157-generic root=LABEL=cloudimg-rootfs ro console=tty1 console=ttyS0
[    0.000000] PID hash table entries: 4096 (order: 3, 32768 bytes)
[    0.000000] Memory: 997736K/1048120K available (8618K kernel code, 1335K rwdata, 4032K rodata, 1484K init, 1284K bss, 50384K reserved, 0K cma-reserved)
[    0.000000] SLUB: HWalign=64, Order=0-3, MinObjects=0, CPUs=2, Nodes=1
[    0.000000] Kernel/User page tables isolation: enabled
[    0.000000] Hierarchical RCU implementation.
[    0.000000] 	Build-time adjustment of leaf fanout to 64.
[    0.000000] 	RCU restricting CPUs from NR_CPUS=512 to nr_cpu_ids=2.
[    0.000000] RCU: Adjusting geometry for rcu_fanout_leaf=64, nr_cpu_ids=2
[    0.000000] NR_IRQS:33024 nr_irqs:440 16
[    0.000000] Console: colour VGA+ 80x25
[    0.000000] console [tty1] enabled
[    0.000000] console [ttyS0] enabled
[    0.000000] tsc: Detected 2399.998 MHz processor
[    0.324224] Calibrating delay loop (skipped) preset value.. 4799.99 BogoMIPS (lpj=9599992)
[    0.326244] pid_max: default: 32768 minimum: 301
[    0.327400] ACPI: Core revision 20150930
[    0.329457] ACPI: 2 ACPI AML tables successfully acquired and loaded
[    0.330989] Security Framework initialized
[    0.332009] Yama: becoming mindful.
[    0.332877] AppArmor: AppArmor initialized
[    0.333909] Dentry cache hash table entries: 131072 (order: 8, 1048576 bytes)
[    0.336227] Inode-cache hash table entries: 65536 (order: 7, 524288 bytes)
[    0.343129] Mount-cache hash table entries: 2048 (order: 2, 16384 bytes)
[    0.349657] Mountpoint-cache hash table entries: 2048 (order: 2, 16384 bytes)
[    0.356431] Initializing cgroup subsys io
[    0.357449] Initializing cgroup subsys memory
[    0.358482] Initializing cgroup subsys devices
[    0.359628] Initializing cgroup subsys freezer
[    0.360748] Initializing cgroup subsys net_cls
[    0.362136] Initializing cgroup subsys perf_event
[    0.378161] Initializing cgroup subsys net_prio
[    0.384563] Initializing cgroup subsys hugetlb
[    0.385566] Initializing cgroup subsys pids
[    0.387850] mce: CPU supports 0 MCE banks
[    0.388875] Last level iTLB entries: 4KB 64, 2MB 8, 4MB 8
[    0.395372] Last level dTLB entries: 4KB 64, 2MB 0, 4MB 0, 1GB 4
[    0.396731] Spectre V2 : Mitigation: Full generic retpoline
[    0.398008] Spectre V2 : Spectre v2 / SpectreRSB mitigation: Filling RSB on context switch
[    0.399948] Speculative Store Bypass: Vulnerable
[    0.401089] MDS: Vulnerable: Clear CPU buffers attempted, no microcode
[    0.405139] Freeing SMP alternatives memory: 36K
[    0.411682] ftrace: allocating 32312 entries in 127 pages
[    0.476326] smpboot: APIC(0) Converting physical 0 to logical package 0
[    0.478013] smpboot: Max logical packages: 1
[    0.497772] x2apic enabled
[    0.523896] Switched APIC routing to physical x2apic.
[    0.544835] ..TIMER: vector=0x30 apic1=0 pin1=2 apic2=-1 pin2=-1
[    0.655270] smpboot: CPU0: Intel(R) Core(TM) i5-6200U CPU @ 2.30GHz (family: 0x6, model: 0x4e, stepping: 0x3)
[    0.704409] Performance Events: unsupported p6 CPU model 78 no PMU driver, software events only.
[    0.727405] KVM setup paravirtual spinlock
[    0.737309] x86: Booting SMP configuration:
[    0.746644] .... node  #0, CPUs:      #1
[    0.898329] kvm-clock: cpu 1, msr 0:3ffe3041, secondary cpu clock
[    0.910429] mce: CPU supports 0 MCE banks
[    0.923142] x86: Booted up 1 node, 2 CPUs
[    0.931791] smpboot: Total of 2 processors activated (9599.99 BogoMIPS)
[    0.937018] devtmpfs: initialized
[    0.946030] evm: security.selinux
[    0.953845] evm: security.SMACK64
[    0.956368] evm: security.SMACK64EXEC
[    0.958901] evm: security.SMACK64TRANSMUTE
[    0.960931] evm: security.SMACK64MMAP
[    0.962830] evm: security.ima
[    0.964445] evm: security.capability
[    0.966636] clocksource: jiffies: mask: 0xffffffff max_cycles: 0xffffffff, max_idle_ns: 7645041785100000 ns
[    0.975507] futex hash table entries: 512 (order: 3, 32768 bytes)
[    0.977378] pinctrl core: initialized pinctrl subsystem
[    0.979017] RTC time: 20:23:22, date: 08/04/19
[    0.980745] NET: Registered protocol family 16
[    0.991689] cpuidle: using governor ladder
[    1.003942] cpuidle: using governor menu
[    1.006819] PCCT header not found.
[    1.009606] ACPI: bus type PCI registered
[    1.012603] acpiphp: ACPI Hot Plug PCI Controller Driver version: 0.5
[    1.022352] PCI: Using configuration type 1 for base access
[    1.041684] ACPI: Added _OSI(Module Device)
[    1.044834] ACPI: Added _OSI(Processor Device)
[    1.047848] ACPI: Added _OSI(3.0 _SCP Extensions)
[    1.050613] ACPI: Added _OSI(Processor Aggregator Device)
[    1.056106] ACPI: Executed 1 blocks of module-level executable AML code
[    1.090473] ACPI: Interpreter enabled
[    1.091472] ACPI: (supports S0 S5)
[    1.092307] ACPI: Using IOAPIC for interrupt routing
[    1.093526] PCI: Using host bridge windows from ACPI; if necessary, use "pci=nocrs" and report a bug
[    1.099348] ACPI: PCI Root Bridge [PCI0] (domain 0000 [bus 00-ff])
[    1.100691] acpi PNP0A03:00: _OSC: OS supports [ASPM ClockPM Segments MSI]
[    1.102217] acpi PNP0A03:00: _OSC: not requesting OS control; OS requires [ExtendedConfig ASPM ClockPM MSI]
[    1.104431] acpi PNP0A03:00: fail to add MMCONFIG information, can't access extended PCI configuration space under this bridge.
[    1.107294] PCI host bridge to bus 0000:00
[    1.108332] pci_bus 0000:00: root bus resource [io  0x0000-0x0cf7 window]
[    1.109832] pci_bus 0000:00: root bus resource [io  0x0d00-0xffff window]
[    1.111275] pci_bus 0000:00: root bus resource [mem 0x000a0000-0x000bffff window]
[    1.112960] pci_bus 0000:00: root bus resource [mem 0x40000000-0xfdffffff window]
[    1.114765] pci_bus 0000:00: root bus resource [bus 00-ff]
[    1.117971] pci 0000:00:01.1: legacy IDE quirk: reg 0x10: [io  0x01f0-0x01f7]
[    1.119531] pci 0000:00:01.1: legacy IDE quirk: reg 0x14: [io  0x03f6]
[    1.120953] pci 0000:00:01.1: legacy IDE quirk: reg 0x18: [io  0x0170-0x0177]
[    1.122551] pci 0000:00:01.1: legacy IDE quirk: reg 0x1c: [io  0x0376]
[    1.143275] pci 0000:00:07.0: quirk: [io  0x4000-0x403f] claimed by PIIX4 ACPI
[    1.157939] pci 0000:00:07.0: quirk: [io  0x4100-0x410f] claimed by PIIX4 SMB
[    1.180137] ACPI: PCI Interrupt Link [LNKA] (IRQs 5 9 10 *11)
[    1.187681] ACPI: PCI Interrupt Link [LNKB] (IRQs 5 9 *10 11)
[    1.189413] ACPI: PCI Interrupt Link [LNKC] (IRQs 5 *9 10 11)
[    1.191158] ACPI: PCI Interrupt Link [LNKD] (IRQs 5 9 10 *11)
[    1.195668] ACPI: Enabled 2 GPEs in block 00 to 07
[    1.197324] vgaarb: setting as boot device: PCI:0000:00:02.0
[    1.199645] vgaarb: device added: PCI:0000:00:02.0,decodes=io+mem,owns=io+mem,locks=none
[    1.201571] vgaarb: loaded
[    1.202393] vgaarb: bridge control possible 0000:00:02.0
[    1.203839] SCSI subsystem initialized
[    1.204967] ACPI: bus type USB registered
[    1.205997] usbcore: registered new interface driver usbfs
[    1.207250] usbcore: registered new interface driver hub
[    1.212666] usbcore: registered new device driver usb
[    1.214101] PCI: Using ACPI for IRQ routing
[    1.215514] NetLabel: Initializing
[    1.216707] NetLabel:  domain hash size = 128
[    1.217805] NetLabel:  protocols = UNLABELED CIPSOv4
[    1.219578] NetLabel:  unlabeled traffic allowed by default
[    1.221180] amd_nb: Cannot enumerate AMD northbridges
[    1.223673] clocksource: Switched to clocksource kvm-clock
[    1.232624] AppArmor: AppArmor Filesystem Enabled
[    1.233794] pnp: PnP ACPI init
[    1.235351] pnp: PnP ACPI: found 3 devices
[    1.24626] clocksource: acpi_pm: mask: 0xffffff max_cycles: xffffff, max_idle_ns: 2085701024 ns
[    1.297672] NET: Registered protocol family 2

[    1.298863] TCP established hash table entries: 8192 (order: 4, 65536 bytes)
[    1.300390] TCP bind hash table entries: 8192 (order: 5, 131072 bytes)
[    1.301807] TCP: Hash tables configured (established 8192 bind 8192)
[    1.304895] UDP hash table entries: 512 (order 2, 16384 bytes)
[    1.347001] UDP-Lite hash table entries: 512 (order: 2, 16384 bytes)
[    1.348469] NET: Registered protocol family 1
[    1.349539] pci 0000:00:00.0: Limiting direct PCI/PCI transfers
[    1.350884] pci 0000:00:01.0: Activating ISA DMA hang workarounds
[    1.352328] Unpacking initramfs...
[    1.624017] Freeing initrd memory: 14824K
[    1.625212] clocksource: tsc: mask: 0xffffffffffffffff max_cycles: 0x229835b7123, max_idle_ns: 440795242976 ns
[    1.627248] platform rtc_cmos: registered platform RTC device (no PNP device found)
[    1.664739] Scanning for low memory corruption every 60 seconds
[    1.688745] audit: initializing netlink subsys (disabled)
[    1.690026] audit: type=2000 audit(1564950212.460:1): initialized
[    1.691741] Initialise system trusted keyring
[    1.692989] HugeTLB registered 2 MB page size, pre-allocated 0 pages
[    1.695857] zbud: loaded
[    1.697062] VFS: Disk quotas dquot_6.6.0
[    1.698117] VFS: Dquot-cache hash table entries: 512 (order 0, 4096 bytes)
[    1.699976] squashfs: version 4.0 (2009/01/31) Phillip Lougher
[    1.701592] fuse init (API version 7.23)
[    1.702649] Key type big_key registered
[    1.703621] Allocating IMA MOK and blacklist keyrings.
[    1.705962] Key type asymmetric registered
[    1.706980] Asymmetric key parser 'x509' registered
[    1.708195] Block layer SCSI generic (bsg) driver version 0.4 loaded (major 249)
[    1.710099] io scheduler noop registered
[    1.711017] io scheduler deadline registered (default)
[    1.712217] io scheduler cfq registered
[    1.713326] pci_hotplug: PCI Hot Plug PCI Core version: 0.5
[    1.714617] pciehp: PCI Express Hot Plug Controller Driver version: 0.4
[    1.716395] ACPI: AC Adapter [AC] (on-line)
[    1.717485] input: Power Button as /devices/LNXSYSTM:00/LNXPWRBN:00/input/input0
[    1.719376] ACPI: Power Button [PWRF]
[    1.720570] input: Sleep Button as /devices/LNXSYSTM:00/LNXSLPBN:00/input/input1
[    1.722312] ACPI: Sleep Button [SLPF]
[    1.723425] GHES: HEST is not enabled!
[    1.724432] ACPI: Battery Slot [BAT0] (battery present)
[    1.724450] Serial: 8250/16550 driver, 32 ports, IRQ sharing enabled
[    1.747396] 00:02: ttyS0 at I/O 0x3f8 (irq = 4, base_baud = 115200) is a 16550A
[    1.749627] Linux agpgart interface v0.103
[    1.752613] loop: module loaded
[    1.754103] scsi host0: ata_piix
[    1.755077] scsi host1: ata_piix
[    1.756028] ata1: PATA max UDMA/33 cmd 0x1f0 ctl 0x3f6 bmdma 0xd000 irq 14
[    1.797432] ata2: PATA max UDMA/33 cmd 0x170 ctl 0x376 bmdma 0xd008 irq 15
[    1.799498] libphy: Fixed MDIO Bus: probed
[    1.800532] tun: Universal TUN/TAP device driver, 1.6
[    1.801737] tun: (C) 1999-2004 Max Krasnyansky <maxk@qualcomm.com>
[    1.867257] PPP generic driver version 2.4.2
[    1.947979] ehci_hcd: USB 2.0 'Enhanced' Host Controller (EHCI) Driver
[    1.977958] ehci-pci: EHCI PCI platform driver
[    1.979051] ehci-platform: EHCI generic platform driver
[    1.980296] ohci_hcd: USB 1.1 'Open' Host Controller (OHCI) Driver
[    1.981587] ohci-pci: OHCI PCI platform driver
[    1.982594] ohci-platform: OHCI generic platform driver
[    1.983743] uhci_hcd: USB Universal Host Controller Interface driver
[    1.985178] i8042: PNP: PS/2 Controller [PNP0303:PS2K,PNP0f03:PS2M] at 0x60,0x64 irq 1,12
[    1.987647] serio: i8042 KBD port at 0x60,0x64 irq 1
[    1.988834] serio: i8042 AUX port at 0x60,0x64 irq 12
[    1.990196] mousedev: PS/2 mouse device common for all mice
[    2.225519] rtc_cmos rtc_cmos: rtc core: registered rtc_cmos as rtc0
[    2.267533] rtc_cmos rtc_cmos: alarms up to one day, 114 bytes nvram
[    2.287611] i2c /dev entries driver
[    2.288588] device-mapper: uevent: version 1.0.3
[    2.289755] device-mapper: ioctl: 4.34.0-ioctl (2015-10-28) initialised: dm-devel@redhat.com
[    2.291979] ledtrig-cpu: registered to indicate activity on CPUs
[    2.293580] input: AT Translated Set 2 keyboard as /devices/platform/i8042/serio0/input/input2
[    2.299878] NET: Registered protocol family 10
[    2.497722] NET: Registered protocol family 17
[    2.508589] Key type dns_resolver registered
[    2.509829] registered taskstats version 1
[    2.510905] Loading compiled-in X.509 certificates
[    2.512639] Loaded X.509 cert 'Build time autogenerated kernel key: 3e01e6df98386236d59670e6b2ed19a044d5324e'
[    2.514537] zswap: loaded using pool lzo/zbud
[    2.517743] Key type trusted registered
[    2.523195] Key type encrypted registered
[    2.524270] AppArmor: AppArmor sha1 policy hashing enabled
[    2.552946] ima: No TPM chip found, activating TPM-bypass!
[    2.554743] ima: Allocated hash algorithm: sha1
[    2.577378] evm: HMAC attrs: 0x1
[    2.578982]   Magic number: 15:257:396
[    2.588996] rtc_cmos rtc_cmos: setting system clock to 2019-08-04 20:23:24 UTC (1564950204)
[    2.592029] BIOS EDD facility v0.16 2004-Jun-25, 0 devices found
[    2.593360] EDD information not available.
[    2.595725] Freeing unused kernel memory: 1484K
[    2.631754] Write protecting the kernel read-only data: 14336k
[    2.633780] Freeing unused kernel memory: 1612K
[    2.657158] Freeing unused kernel memory: 64K
Loading, please wait...
starting version 229
[    2.678057] random: systemd-udevd: uninitialized urandom read (16 bytes read, 3 bits of entropy available)
[    2.679037] random: udevadm: uninitialized urandom read (16 bytes read, 3 bits of entropy available)
[    2.679067] random: udevadm: uninitialized urandom read (16 bytes read, 3 bits of entropy available)
[    2.690449] random: udevadm: uninitialized urandom read (16 bytes read, 3 bits of entropy available)
[    2.690505] random: udevadm: uninitialized urandom read (16 bytes read, 3 bits of entropy available)
[    2.690671] random: udevadm: uninitialized urandom read (16 bytes read, 3 bits of entropy available)
[    2.690731] random: udevadm: uninitialized urandom read (16 bytes read, 3 bits of entropy available)
[    2.690794] random: udevadm: uninitialized urandom read (16 bytes read, 3 bits of entropy available)
[    2.690855] random: udevadm: uninitialized urandom read (16 bytes read, 3 bits of entropy available)
[    2.690913] random: udevadm: uninitialized urandom read (16 bytes read, 3 bits of entropy available)
[    2.944483] e1000: Intel(R) PRO/1000 Network Driver - version 7.3.21-k8-NAPI
[    2.946936] e1000: Copyright (c) 1999-2006 Intel Corporation.
[    2.951457] Fusion MPT base driver 3.04.20
[    2.952665] Copyright (c) 1999-2008 LSI Corporation
[    2.961627] Fusion MPT SPI Host driver 3.04.20
[    2.992544] AVX2 version of gcm_enc/dec engaged.
[    2.997339] AES CTR mode by8 optimization enabled
[    3.162307] input: ImExPS/2 Generic Explorer Mouse as /devices/platform/i8042/serio1/input/input4
[    3.345821] e1000 0000:00:03.0 eth0: (PCI:33MHz:32-bit) 02:c2:66:bb:16:6d
[    3.348008] e1000 0000:00:03.0 eth0: Intel(R) PRO/1000 Network Connection
[    3.380493] mptbase: ioc0: Initiating bringup
[    3.466895] ioc0: LSI53C1030 A0: Capabilities={Initiator}
[    4.561655] scsi host2: ioc0: LSI53C1030 A0, FwRev=00000000h, Ports=1, MaxQ=256, IRQ=20
[    4.999273] scsi 2:0:0:0: Direct-Access     VBOX     HARDDISK         1.0  PQ: 0 ANSI: 5
[    5.017756] scsi target2:0:0: Beginning Domain Validation
[    5.030515] scsi target2:0:0: Domain Validation skipping write tests
[    5.049753] scsi target2:0:0: Ending Domain Validation
[    5.059383] scsi target2:0:0: asynchronous
[    5.063890] scsi 2:0:1:0: Direct-Access     VBOX     HARDDISK         1.0  PQ: 0 ANSI: 5
[    5.068302] scsi target2:0:1: Beginning Domain Validation
[    5.072795] scsi target2:0:1: Domain Validation skipping write tests
[    5.075168] scsi target2:0:1: Ending Domain Validation
[    5.078308] scsi target2:0:1: asynchronous
[    5.112941] sd 2:0:0:0: Attached scsi generic sg0 type 0
[    5.120544] sd 2:0:0:0: [sda] 20971520 512-byte logical blocks: (10.7 GB/10.0 GiB)
[    5.135195] sd 2:0:1:0: [sdb] 20480 512-byte logical blocks: (10.5 MB/10.0 MiB)
[    5.142420] sd 2:0:1:0: Attached scsi generic sg1 type 0
[    5.144003] sd 2:0:1:0: [sdb] Write Protect is off
[    5.145158] sd 2:0:0:0: [sda] Write Protect is off
[    5.146369] sd 2:0:1:0: [sdb] Incomplete mode parameter data
[    5.147658] sd 2:0:1:0: [sdb] Assuming drive cache: write through
[    5.149062] sd 2:0:0:0: [sda] Incomplete mode parameter data
[    5.150263] sd 2:0:0:0: [sda] Assuming drive cache: write through
[    5.396131] e1000 0000:00:08.0 eth1: (PCI:33MHz:32-bit) 08:00:27:33:20:76
[    5.403682] e1000 0000:00:08.0 eth1: Intel(R) PRO/1000 Network Connection
[    5.405807] e1000 0000:00:08.0 enp0s8: renamed from eth1
[    5.428027] e1000 0000:00:03.0 enp0s3: renamed from eth0
[    5.562594]  sda: sda1
[    5.566444] sd 2:0:0:0: [sda] Attached SCSI disk
[    5.603889] sd 2:0:1:0: [sdb] Attached SCSI disk
[    9.205277] random: nonblocking pool is initialized
Begin: Loading essential drivers ... [   12.309031] md: linear personality registered for level -1
[   12.312583] md: multipath personality registered for level -4
[   12.316819] md: raid0 personality registered for level 0
[   12.321933] md: raid1 personality registered for level 1
[   12.395737] raid6: sse2x1   gen()  8847 MB/s
[   12.467713] raid6: sse2x1   xor()  6642 MB/s
[   12.535691] raid6: sse2x2   gen() 10747 MB/s
[   12.603717] raid6: sse2x2   xor()  7342 MB/s
[   12.671701] raid6: sse2x4   gen() 12401 MB/s
[   12.743705] raid6: sse2x4   xor()  8235 MB/s
[   12.811713] raid6: avx2x1   gen() 17828 MB/s
[   12.883700] raid6: avx2x2   gen() 20399 MB/s
[   12.955714] raid6: avx2x4   gen() 22743 MB/s
[   12.956808] raid6: using algorithm avx2x4 gen() 22743 MB/s
[   12.958003] raid6: using avx2x2 recovery algorithm
[   12.960469] xor: automatically using best checksumming function:
[   13.026484]    avx       : 61422.000 MB/sec
[   13.029003] async_tx: api initialized (async)
[   13.045357] md: raid6 personality registered for level 6
[   13.046569] md: raid5 personality registered for level 5
[   13.047880] md: raid4 personality registered for level 4
[   13.055790] md: raid10 personality registered for level 10
done.
Begin: Running /scripts/init-premount ... done.
Begin: Mounting root file system ... Begin: Running /scripts/local-top ... done.
Begin: Running /scripts/local-premount ... [   13.088123] Btrfs loaded
Scanning for Btrfs filesystems
done.
Warning: fsck not present, so skipping root file system
[   15.033167] EXT4-fs (sda1): INFO: recovery required on readonly filesystem
[   15.041249] EXT4-fs (sda1): write access will be enabled during recovery
[   19.232852] EXT4-fs (sda1): recovery complete
[   19.249674] EXT4-fs (sda1): mounted filesystem with ordered data mode. Opts: (null)
done.
Begin: Running /scripts/local-bottom ... done.
Begin: Running /scripts/init-bottom ... done.
[   37.981908] systemd[1]: systemd 229 running in system mode. (+PAM +AUDIT +SELINUX +IMA +APPARMOR +SMACK +SVINIT +UTMP +LIBCRYPTSETUP +GCRYPT +GNUTLS +ACL +XZ -LZ4 +ECCOMP +BLID+ELFUTILS +KMOD -IDN)
[   38.116548] systemd[1]: Detected virtualization oracle.
[   38.117821] systemd[1]: Detected architecture x86-64.


Welcome to [1mUbuntu 16.04.6 LTS[0m!

[   38.412472] systemd[1]: Set hostname to <node-1>.
[   94.166856] systemd[1]: Created slice User and Session Slice.
[[0;32m  OK  [0m] Created slice User and Session Slice.
[   95.796480] systemd[1]: Started Trigger resolvconf update for networkd DNS.
[[0;32m  OK  [0m] Started Trigger resolvconf update for networkd DNS.
[   95.826477] systemd[1]: Listening on /dev/initctl Compatibility Named Pipe.
[[0;32m  OK  [0m] Listening on /dev/initctl Compatibility Named Pipe.
[   95.849120] systemd[1]: Reached target Swap.
[[0;32m  OK  [0m] Reached target Swap.
[   95.854856] systemd[1]: Listening on Device-mapper event daemon FIFOs.
[[0;32m  OK  [0m] Listening on Device-mapper event daemon FIFOs.
[   95.859560] systemd[1]: Started Forward Password Requests to Wall Directory Watch.
[[0;32m  OK  [0m] Started Forward Password Requests to Wall Directory Watch.
[   95.872804] systemd[1]: Listening on Journal Socket (/dev/log).
[[0;32m  OK  [0m] Listening on Journal Socket (/dev/log).
[   95.884125] systemd[1]: Reached target System Time Synchronized.
[[0;32m  OK  [0m] Reached target System Time Synchronized.
[   95.889706] systemd[1]: Listening on udev Kernel Socket.
[[0;32m  OK  [0m] Listening on udev Kernel Socket.
[   95.904527] systemd[1]: Listening on Syslog Socket.
[[0;32m  OK  [0m] Listening on Syslog Socket.
[   95.907391] systemd[1]: Reached target User and Group Name Lookups.
[[0;32m  OK  [0m] Reached target User and Group Name Lookups.
[   95.915071] systemd[1]: Listening on LVM2 poll daemon socket.
[[0;32m  OK  [0m] Listening on LVM2 poll daemon socket.
[   95.917856] systemd[1]: Listening on Journal Audit Socket.
[[0;32m  OK  [0m] Listening on Journal Audit Socket.
[   95.924657] systemd[1]: Listening on udev Control Socket.
[[0;32m  OK  [0m] Listening on udev Control Socket.
[   95.942316] systemd[1]: Reached target Encrypted Volumes.
[[0;32m  OK  [0m] Reached target Encrypted Volumes.
[   95.947408] systemd[1]: Created slice System Slice.
[[0;32m  OK  [0m] Created slice System Slice.
[   95.956058] systemd[1]: Created slice system-serial\x2dgetty.slice.
[[0;32m  OK  [0m] Created slice system-serial\x2dgetty.slice.
[   95.959074] systemd[1]: Reached target Slices.
[[0;32m  OK  [0m] Reached target Slices.
[   95.961756] systemd[1]: Listening on LVM2 metadata daemon socket.
[[0;32m  OK  [0m] Listening on LVM2 metadata daemon socket.
[   95.972076] systemd[1]: Set up automount Arbitrary Executable File Formats File System Automount Point.
[[0;32m  OK  [0m] Set up automount Arbitrary Executab...ats File System Automount Point.
[   95.978121] systemd[1]: Listening on Journal Socket.
[[0;32m  OK  [0m] Listening on Journal Socket.
[   96.140495] systemd[1]: Starting Remount Root and Kernel File Systems...
         Starting Remount Root and Kernel File Systems...
[   96.171041] systemd[1]: Mounting POSIX Message Queue File System...
         Mounting POSIX Message Queue File System...
[   96.196159] systemd[1]: Starting Monitoring of LVM2 mirrors, snapshots etc. using dmeventd or progress polling...
         Starting Monitoring of LVM2 mirrors... dmeventd or progress polling...
[   96.328464] systemd[1]: Starting Set console keymap...
         Starting Set console keymap...
[   96.340973] systemd[1]: Starting Journal Service...
         Starting Journal Service...
[   96.348770] systemd[1]: Starting Create list of required static device nodes for the current kernel...
         Starting Create list of required st... nodes for the current kernel...
[   96.360855] systemd[1]: Mounting Debug File System...
         Mounting Debug File System...
[   96.368220] systemd[1]: Starting Uncomplicated firewall...
         Starting Uncomplicated firewall...
[   96.380416] systemd[1]: Starting Nameserver information manager...
         Starting Nameserver information manager...
[   98.232310] systemd[1]: Starting Load Kernel Modules...
         Starting Load Kernel Modules...
[   98.245022] systemd[1]: Mounting Huge Pages File System...
         Mounting Huge Pages File System...
[   98.808163] systemd[1]: Started Uncomplicated firewall.
[[0;32m  OK  [0m] Started Uncomplicated firewall.
[   98.839698] systemd[1]: Started Create list of required static device nodes for the current kernel.
[[0;32m  OK  [0m] Started Create list of required sta...ce nodes for the current kernel.
[   98.870193] systemd[1]: Starting Create Static Device Nodes in /dev...
         Starting Create Static Device Nodes in /dev...
[   99.272654] systemd[1]: Mounted Debug File System.
[   99.273467] EXT4-fs (sda1): re-mounted. Opts: (null)
[[0;32m  OK  [0m] Mounted Debug File System.
[   99.312616] systemd[1]: Mounted POSIX Message Queue File System.
[[0;32m  OK  [0m] Mounted POSIX Message Queue File System.
[   99.339743] systemd[1]: Mounted Huge Pages File System.
[[0;32m  OK  [0m] Mounted Huge Pages File System.
[   99.366345] systemd[1]: Started Remount Root and Kernel File Systems.
[[0;32m  OK  [0m] Started Remount [   99.379078] Loading iSCSI transport class v2.0-870.
Root and Kernel File Systems.
[   99.429034] systemd[1]: Starting Load/Save Random Seed...
         Starting Load/Save Random Seed...
[  102.828720] systemd[1]: Starting udev Coldplug all Devices...
         Starting udev Coldplug all Devices...
[  102.869468] systemd[1]: Started Nameserver information manager.
[  102.869800] iscsi: registered transport (tcp)
[[0;32m  OK  [0m] Started Nameserver information manager.
[  102.919669] systemd[1]: Started Journal Service.
[[0;32m  OK  [0m] Started Journal Service.
         Starting Flush Journal to Persistent Storage...
[[0;32m  OK  [0m] Started Load/Save Random Seed.
[[0;32m  OK  [0m] Started Set console keymap.
[[0;32m  OK  [0m] Started udev Coldplug all Devices.
[  103.676234] systemd-journald[386]: Received request to flush runtime journal from PID 1
[[0;32m  OK  [0m] Started LVM2 metadata daemon.
[[0;32m  OK  [0m] Started Flush Journal to Persistent Storage.
[  104.018607] iscsi: registered transport (iser)
[[0;32m  OK  [0m] Started Load Kernel Modules.
         Mounting FUSE Control File System...
         Starting Apply Kernel Variables...
[[0;32m  OK  [0m] Mounted FUSE Control File System.
[[0;32m  OK  [0m] Started Monitoring of LVM2 mirrors,...ng dmeventd or progress polling.
[[0;32m  OK  [0m] Started Create Static Device Nodes in /dev.
         Starting udev Kernel Device Manager...
[[0;32m  OK  [0m] Reached target Local File Systems (Pre).
[[0;32m  OK  [0m] Reached target Local File Systems.
         Starting LSB: ebtables ruleset management...
         Starting Initial cloud-init job (pre-networking)...
         Starting Create Volatile Files and Directories...
         Starting Set console font and keymap...
         Starting LSB: AppArmor initialization...
         Starting Tell Plymouth To Write Out Runtime Data...
[[0;32m  OK  [0m] Started Apply Kernel Variables.
[[0;32m  OK  [0m] Started Tell Plymouth To Write Out Runtime Data.
[[0;32m  OK  [0m] Started Create Volatile Files and Directories.
         Starting Update UTMP about System Boot/Shutdown...
[[0;32m  OK  [0m] Started Update UTMP about System Boot/Shutdown.
[[0;32m  OK  [0m] Started LSB: ebtables ruleset management.
[[0;32m  OK  [0m] Started Set console font and keymap.
[[0;32m  OK  [0m] Created slice system-getty.slice.
[[0;32m  OK  [0m] Started udev Kernel Device Manager.
[[0;32m  OK  [0m] Started Dispatch Password Requests to Console Directory Watch.
[[0;32m  OK  [0m] Found device /dev/ttyS0.
[[0;32m  OK  [0m] Listening on Load/Save RF Kill Switch Status /dev/rfkill Watch.
[[0;32m  OK  [0m] Found device 82540EM Gigabit Ethern...r (PRO/1000 MT Desktop Adapter).
[[0;32m  OK  [0m] Found device 82540EM Gigabit Ethern...r (PRO/1000 MT Desktop Adapter).
[[0;32m  OK  [0m] Started LSB: AppArmor initialization.
[  198.192943] cloud-init[479]: Cloud-init v. 19.1-1-gbaa47854-0ubuntu1~16.04.1 running 'init-local' at Sun, 04 Aug 2019 20:26:33 +0000. Up 190.69 seconds.
[[0;32m  OK  [0m] Started Initial cloud-init job (pre-networking).
[[0;32m  OK  [0m] Reached target Network (Pre).
         Starting Raise network interfaces...
[[0;32m  OK  [0m] Started ifup for enp0s3.
[[0;32m  OK  [0m] Started ifup for enp0s8.
[[0;32m  OK  [0m] Started Raise network interfaces.
         Starting Initial cloud-init job (metadata service crawler)...
[[0;32m  OK  [0m] Reached target Network.
[  213.356845] cloud-init[1112]: Cloud-init v. 19.1-1-gbaa47854-0ubuntu1~16.04.1 running 'init' at Sun, 04 Aug 2019 20:26:44 +0000. Up 201.90 seconds.
[  213.496287] cloud-init[1112]: ci-info: ++++++++++++++++++++++++++++++++++++++Net device info+++++++++++++++++++++++++++++++++++++++
[  213.496911] cloud-init[1112]: ci-info: +--------+------+-----------------------------+---------------+--------+-------------------+
[  213.497136] cloud-init[1112]: ci-info: | Device |  Up  |           Address           |      Mask     | Scope  |     Hw-Address    |
[  213.497297] cloud-init[1112]: ci-info: +--------+------+-----------------------------+---------------+--------+-------------------+
[  213.497481] cloud-init[1112]: ci-info: | enp0s3 | True |          10.0.2.15          | 255.255.255.0 | global | 02:c2:66:bb:16:6d |
[  213.497725] cloud-init[1112]: ci-info: | enp0s3 | True |  fe80::c2:66ff:febb:166d/64 |       .       |  link  | 02:c2:66:bb:16:6d |
[  213.497919] cloud-init[1112]: ci-info: | enp0s8 | True |        192.168.50.11        | 255.255.255.0 | global | 08:00:27:33:20:76 |
[  213.498114] cloud-init[1112]: ci-info: | enp0s8 | True | fe80::a00:27ff:fe33:2076/64 |       .       |  link  | 08:00:27:33:20:76 |
[  213.498572] cloud-init[1112]: ci-info: |   lo   | True |          127.0.0.1          |   255.0.0.0   |  host  |         .         |
[  213.498812] cloud-init[1112]: ci-info: |   lo   | True |           ::1/128           |       .       |  host  |         .         |
[  213.499010] cloud-init[1112]: ci-info: +--------+------+-----------------------------+---------------+--------+-------------------+
[  213.499218] cloud-init[1112]: ci-info: ++++++++++++++++++++++++++++Route IPv4 info++++++++++++++++++++++++++++
[  213.499426] cloud-init[1112]: ci-info: +-------+--------------+----------+---------------+-----------+-------+
[  213.499635] cloud-init[1112]: ci-info: | Route | Destination  | Gateway  |    Genmask    | Interface | Flags |
[  213.499848] cloud-init[1112]: ci-info: +-------+--------------+----------+---------------+-----------+-------+
[  213.500132] cloud-init[1112]: ci-info: |   0   |   0.0.0.0    | 10.0.2.2 |    0.0.0.0    |   enp0s3  |   UG  |
[  213.500278] cloud-init[1112]: ci-info: |   1   |   10.0.2.0   | 0.0.0.0  | 255.255.255.0 |   enp0s3  |   U   |
[  213.500485] cloud-init[1112]: ci-info: |   2   | 192.168.50.0 | 0.0.0.0  | 255.255.255.0 |   enp0s8  |   U   |
[[0;32m  OK  [0m] Started Initial cloud-init job (metadata service crawler).
[  213.500711] cloud-init[1112]: ci-info: +-------+--------------+----------+---------------+-----------+-------+
[[  213.834746] cloud-init[1112]: ci-info: +++++++++++++++++++Route IPv6 info+++++++++++++++++++
[  213.837833] cloud-init[1112]: ci-info: +-------+-------------+---------+-----------+-------+
[  213.846288] cloud-init[1112]: ci-info: | Route | Destination | Gateway | Interface | Flags |
[  213.852784] cloud-init[1112]: ci-info: +-------+-------------+---------+-----------+-------+
[  213.858471] cloud-init[1112]: ci-info: |   0   |  fe80::/64  |    ::   |   enp0s8  |   U   |
[  213.859367] cloud-init[1112]: ci-info: |   1   |  fe80::/64  |    ::   |   enp0s3  |   U   |
[  213.859862] cloud-init[1112]: ci-info: |   5   |   ff00::/8  |    ::   |   enp0s8  |   U   |
[  213.860929] cloud-init[1112]: ci-info: |   6   |   ff00::/8  |    ::   |   enp0s3  |   U   |
[0;32m  OK  [0m] Reached target System Initialization.
[  213.861541] cloud-init[1112]: ci-info: +-------+-------------+---------+-----------+-------+
         Starting LXD - unix socket.
[[0;32m  OK  [0m] Started Daily apt download activities.
[[0;32m  OK  [0m] Started Daily apt upgrade and clean activities.
[[0;32m  OK  [0m] Started Daily Cleanup of Temporary Directories.
         Starting Docker Socket for the API.
[[0;32m  OK  [0m] Listening on D-Bus System Message Bus Socket.
[[0;32m  OK  [0m] Started ACPI Events Check.
[[0;32m  OK  [0m] Reached target Paths.
         Starting Socket activation for snappy daemon.
[[0;32m  OK  [0m] Reached target Timers.
[[0;32m  OK  [0m] Listening on UUID daemon activation socket.
[[0;32m  OK  [0m] Listening on ACPID Listen Socket.
[[0;32m  OK  [0m] Reached target Network is Online.
         Starting iSCSI initiator daemon (iscsid)...
[[0;32m  OK  [0m] Reached target Cloud-config availability.
[[0;32m  OK  [0m] Listening on LXD - unix socket.
[[0;32m  OK  [0m] Listening on Docker Socket for the API.
[[0;32m  OK  [0m] Listening on Socket activation for snappy daemon.
[[0;32m  OK  [0m] Reached target Sockets.
[[0;32m  OK  [0m] Reached target Basic System.
         Starting containerd container runtime...
         Starting /etc/rc.local Compatibility...
         Starting Accounts Service...
         Starting Snappy daemon...
[[0;32m  OK  [0m] Started ACPI event daemon.
         Starting LXD - container startup/shutdown...
[[0;32m  OK  [0m] Started kubelet: The Kubernetes Node Agent.
[[0;32m  OK  [0m] Started Regular background program processing daemon.
         Starting LSB: MD monitoring daemon...
         Starting LSB: Record successful boot for GRUB...
[[0;32m  OK  [0m] Started FUSE filesystem for LXC.
         Starting Login Service...
         Starting Virtualbox guest utils...
         Starting OpenBSD Secure Shell server...
         Starting System Logging Service...
[[0;32m  OK  [0m] Started D-Bus System Message Bus.
[[0;32m  OK  [0m] Started Deferred execution scheduler.
[[0;32m  OK  [0m] Started System Logging Service.
[[0;32m  OK  [0m] Started containerd container runtime.
[[0;32m  OK  [0m] Started /etc/rc.local Compatibility.
         Starting Docker Application Container Engine...
[[0;32m  OK  [0m] Started Login Service.
[[0;32m  OK  [0m] Started Unattended Upgrades Shutdown.
[ [0;31m*[0;1;31m*[0m[0;31m*  [0m] (6 of 9) A start job is running for...ot for GRUB (2min 32s / 7min 4s)[K[[0;31m*[0;1;31m*[0m[0;31m*   [0m] (6 of 9) A start job is running for...ot for GRUB (2min 32s / 7min 4s)[K[[0;32m  OK  [0m] Started iSCSI initiator daemon (iscsid).
         Starting Login to default iSCSI targets...
[[0;1;31mFAILED[0m] Failed to start LXD - container startup/shutdown.
See 'systemctl status lxd-containers.service' for details.
[[0;32m  OK  [0m] Started OpenBSD Secure Shell server.
[[0;32m  OK  [0m] Started LSB: Record successful boot for GRUB.
         Starting Authenticate and Authorize Users to Run Privileged Tasks...
[[0;32m  OK  [0m] Started LSB: MD monitoring daemon.
[[0;32m  OK  [0m] Started Login to default iSCSI targets.
[[0;32m  OK  [0m] Reached target Remote File Systems (Pre).
[[0;32m  OK  [0m] Reached target Remote File Systems.
         Starting LSB: automatic crash report generation...
         Starting Permit User Sessions...
         Starting LSB: Set the CPU Frequency Scaling governor to "ondemand"...
         Starting LSB: Set up cgroupfs mounts....
         Starting LSB: daemon to balance interrupts for SMP systems...
[[0;32m  OK  [0m] Started LSB: Set the CPU Frequency Scaling governor to "ondemand".
[[0;32m  OK  [0m] Started LSB: Set up cgroupfs mounts..
[[0;32m  OK  [0m] Started Permit User Sessions.
         Starting Terminate Plymouth Boot Screen...
         Starting Hold until boot process finishes up...
[[0;32m  OK  [0m] Started Terminate Plymouth Boot Screen.
[[0;32m  OK  [0m] Started Hold until boot process finishes up.
[[0;32m  OK  [0m] Started Getty on tty1.
         Starting Set console scheme...
[[0;32m  OK  [0m] Started Serial Getty on ttyS0.
[[0;32m  OK  [0m] Reached target Login Prompts.
[[0;32m  OK  [0m] Started Set console scheme.
[[0;32m  OK  [0m] Started LSB: daemon to balance interrupts for SMP systems.
[[0;32m  OK  [0m] Started Virtualbox guest utils.
[[0;32m  OK  [0m] Started LSB: automatic crash report generation.

Ubuntu 16.04.6 LTS node-1 ttyS0

node-1 login:                                                                                                                                                                                                                                                                                                                                                                                                                                                                                                                                                                                                                                                                                                                                   [   77.883262] cloud-init[2139]: Cloud-init v. 19.1-1-gbaa47854-0ubuntu1~16.04.1 running 'modules:final' at Sun, 04 Aug 2019 20:23:13 +0000. Up 77.38 seconds.
[   77.884661] cloud-init[2139]: Cloud-init v. 19.1-1-gbaa47854-0ubuntu1~16.04.1 finished at Sun, 04 Aug 2019 20:23:14 +0000. Datasource DataSourceNoCloud [seed=/dev/sdb][dsmode=net].  Up 77.86 seconds
